[    0.000000] Linux version 4.15.0-117-generic (buildd@lcy01-amd64-008) (gcc version 7.5.0 (Ubuntu 7.5.0-3ubuntu1~18.04)) #118-Ubuntu SMP Fri Sep 4 20:02:41 UTC 2020 (Ubuntu 4.15.0-117.118-generic 4.15.18)
[    0.000000] Command line: BOOT_IMAGE=/boot/vmlinuz-4.15.0-117-generic root=UUID=d18cf82c-2255-494a-add5-bbed5aa26100 ro console=tty1 console=ttyS0
[    0.000000] KERNEL supported cpus:
[    0.000000]   Intel GenuineIntel
[    0.000000]   AMD AuthenticAMD
[    0.000000]   Centaur CentaurHauls
[    0.000000] x86/fpu: Supporting XSAVE feature 0x001: 'x87 floating point registers'
[    0.000000] x86/fpu: Supporting XSAVE feature 0x002: 'SSE registers'
[    0.000000] x86/fpu: Supporting XSAVE feature 0x004: 'AVX registers'
[    0.000000] x86/fpu: xstate_offset[2]:  576, xstate_sizes[2]:  256
[    0.000000] x86/fpu: Enabled xstate features 0x7, context size is 832 bytes, using 'standard' format.
[    0.000000] e820: BIOS-provided physical RAM map:
[    0.000000] BIOS-e820: [mem 0x0000000000000000-0x000000000009fbff] usable
[    0.000000] BIOS-e820: [mem 0x000000000009fc00-0x000000000009ffff] reserved
[    0.000000] BIOS-e820: [mem 0x00000000000f0000-0x00000000000fffff] reserved
[    0.000000] BIOS-e820: [mem 0x0000000000100000-0x00000000dffeffff] usable
[    0.000000] BIOS-e820: [mem 0x00000000dfff0000-0x00000000dfffffff] ACPI data
[    0.000000] BIOS-e820: [mem 0x00000000fec00000-0x00000000fec00fff] reserved
[    0.000000] BIOS-e820: [mem 0x00000000fee00000-0x00000000fee00fff] reserved
[    0.000000] BIOS-e820: [mem 0x00000000fffc0000-0x00000000ffffffff] reserved
[    0.000000] BIOS-e820: [mem 0x0000000100000000-0x000000011fffffff] usable
[    0.000000] NX (Execute Disable) protection: active
[    0.000000] SMBIOS 2.5 present.
[    0.000000] DMI: innotek GmbH VirtualBox/VirtualBox, BIOS VirtualBox 12/01/2006
[    0.000000] Hypervisor detected: KVM
[    0.000000] e820: last_pfn = 0x120000 max_arch_pfn = 0x400000000
[    0.000000] MTRR: Disabled
[    0.000000] x86/PAT: MTRRs disabled, skipping PAT initialization too.
[    0.000000] CPU MTRRs all blank - virtualized system.
[    0.000000] x86/PAT: Configuration [0-7]: WB  WT  UC- UC  WB  WT  UC- UC  
[    0.000000] e820: last_pfn = 0xdfff0 max_arch_pfn = 0x400000000
[    0.000000] found SMP MP-table at [mem 0x0009fff0-0x0009ffff]
[    0.000000] Scanning 1 areas for low memory corruption
[    0.000000] RAMDISK: [mem 0x35957000-0x36ca2fff]
[    0.000000] ACPI: Early table checksum verification disabled
[    0.000000] ACPI: RSDP 0x00000000000E0000 000024 (v02 VBOX  )
[    0.000000] ACPI: XSDT 0x00000000DFFF0030 00003C (v01 VBOX   VBOXXSDT 00000001 ASL  00000061)
[    0.000000] ACPI: FACP 0x00000000DFFF00F0 0000F4 (v04 VBOX   VBOXFACP 00000001 ASL  00000061)
[    0.000000] ACPI: DSDT 0x00000000DFFF0470 002325 (v02 VBOX   VBOXBIOS 00000002 INTL 20100528)
[    0.000000] ACPI: FACS 0x00000000DFFF0200 000040
[    0.000000] ACPI: FACS 0x00000000DFFF0200 000040
[    0.000000] ACPI: APIC 0x00000000DFFF0240 00005C (v02 VBOX   VBOXAPIC 00000001 ASL  00000061)
[    0.000000] ACPI: SSDT 0x00000000DFFF02A0 0001CC (v01 VBOX   VBOXCPUT 00000002 INTL 20100528)
[    0.000000] No NUMA configuration found
[    0.000000] Faking a node at [mem 0x0000000000000000-0x000000011fffffff]
[    0.000000] NODE_DATA(0) allocated [mem 0x11ffd1000-0x11fffbfff]
[    0.000000] kvm-clock: cpu 0, msr 1:1ff50001, primary cpu clock
[    0.000000] kvm-clock: Using msrs 4b564d01 and 4b564d00
[    0.000000] kvm-clock: using sched offset of 3812487682 cycles
[    0.000000] clocksource: kvm-clock: mask: 0xffffffffffffffff max_cycles: 0x1cd42e4dffb, max_idle_ns: 881590591483 ns
[    0.000000] Zone ranges:
[    0.000000]   DMA      [mem 0x0000000000001000-0x0000000000ffffff]
[    0.000000]   DMA32    [mem 0x0000000001000000-0x00000000ffffffff]
[    0.000000]   Normal   [mem 0x0000000100000000-0x000000011fffffff]
[    0.000000]   Device   empty
[    0.000000] Movable zone start for each node
[    0.000000] Early memory node ranges
[    0.000000]   node   0: [mem 0x0000000000001000-0x000000000009efff]
[    0.000000]   node   0: [mem 0x0000000000100000-0x00000000dffeffff]
[    0.000000]   node   0: [mem 0x0000000100000000-0x000000011fffffff]
[    0.000000] Reserved but unavailable: 98 pages
[    0.000000] Initmem setup node 0 [mem 0x0000000000001000-0x000000011fffffff]
[    0.000000] ACPI: PM-Timer IO Port: 0x4008
[    0.000000] IOAPIC[0]: apic_id 2, version 32, address 0xfec00000, GSI 0-23
[    0.000000] ACPI: INT_SRC_OVR (bus 0 bus_irq 0 global_irq 2 dfl dfl)
[    0.000000] ACPI: INT_SRC_OVR (bus 0 bus_irq 9 global_irq 9 low level)
[    0.000000] Using ACPI (MADT) for SMP configuration information
[    0.000000] smpboot: Allowing 2 CPUs, 0 hotplug CPUs
[    0.000000] PM: Registered nosave memory: [mem 0x00000000-0x00000fff]
[    0.000000] PM: Registered nosave memory: [mem 0x0009f000-0x0009ffff]
[    0.000000] PM: Registered nosave memory: [mem 0x000a0000-0x000effff]
[    0.000000] PM: Registered nosave memory: [mem 0x000f0000-0x000fffff]
[    0.000000] PM: Registered nosave memory: [mem 0xdfff0000-0xdfffffff]
[    0.000000] PM: Registered nosave memory: [mem 0xe0000000-0xfebfffff]
[    0.000000] PM: Registered nosave memory: [mem 0xfec00000-0xfec00fff]
[    0.000000] PM: Registered nosave memory: [mem 0xfec01000-0xfedfffff]
[    0.000000] PM: Registered nosave memory: [mem 0xfee00000-0xfee00fff]
[    0.000000] PM: Registered nosave memory: [mem 0xfee01000-0xfffbffff]
[    0.000000] PM: Registered nosave memory: [mem 0xfffc0000-0xffffffff]
[    0.000000] e820: [mem 0xe0000000-0xfebfffff] available for PCI devices
[    0.000000] Booting paravirtualized kernel on KVM
[    0.000000] clocksource: refined-jiffies: mask: 0xffffffff max_cycles: 0xffffffff, max_idle_ns: 7645519600211568 ns
[    0.000000] random: get_random_bytes called from start_kernel+0x99/0x500 with crng_init=0
[    0.000000] setup_percpu: NR_CPUS:8192 nr_cpumask_bits:2 nr_cpu_ids:2 nr_node_ids:1
[    0.000000] percpu: Embedded 45 pages/cpu s147456 r8192 d28672 u1048576
[    0.000000] PV qspinlock hash table entries: 256 (order: 0, 4096 bytes)
[    0.000000] Built 1 zonelists, mobility grouping on.  Total pages: 1032057
[    0.000000] Policy zone: Normal
[    0.000000] Kernel command line: BOOT_IMAGE=/boot/vmlinuz-4.15.0-117-generic root=UUID=d18cf82c-2255-494a-add5-bbed5aa26100 ro console=tty1 console=ttyS0
[    0.000000] Memory: 4013096K/4193848K available (12300K kernel code, 2481K rwdata, 4272K rodata, 2436K init, 2724K bss, 180752K reserved, 0K cma-reserved)
[    0.000000] SLUB: HWalign=64, Order=0-3, MinObjects=0, CPUs=2, Nodes=1
[    0.000000] Kernel/User page tables isolation: enabled
[    0.000000] ftrace: allocating 39392 entries in 154 pages
[    0.004000] Hierarchical RCU implementation.
[    0.004000] 	RCU restricting CPUs from NR_CPUS=8192 to nr_cpu_ids=2.
[    0.004000] 	Tasks RCU enabled.
[    0.004000] RCU: Adjusting geometry for rcu_fanout_leaf=16, nr_cpu_ids=2
[    0.004000] NR_IRQS: 524544, nr_irqs: 440, preallocated irqs: 16
[    0.004000] Console: colour VGA+ 80x25
[    0.004000] console [tty1] enabled
[    0.004000] console [ttyS0] enabled
[    0.004000] ACPI: Core revision 20170831
[    0.004000] ACPI: 2 ACPI AML tables successfully acquired and loaded
[    0.004000] APIC: Switch to symmetric I/O mode setup
[    0.004000] x2apic enabled
[    0.004000] Switched APIC routing to physical x2apic.
[    0.004000] ..TIMER: vector=0x30 apic1=0 pin1=2 apic2=-1 pin2=-1
[    0.004003] tsc: Detected 2591.996 MHz processor
[    0.004872] Calibrating delay loop (skipped) preset value.. 5183.99 BogoMIPS (lpj=10367984)
[    0.005404] pid_max: default: 32768 minimum: 301
[    0.008026] Security Framework initialized
[    0.008742] Yama: becoming mindful.
[    0.009517] AppArmor: AppArmor initialized
[    0.012118] Dentry cache hash table entries: 524288 (order: 10, 4194304 bytes)
[    0.018513] Inode-cache hash table entries: 262144 (order: 9, 2097152 bytes)
[    0.020013] Mount-cache hash table entries: 8192 (order: 4, 65536 bytes)
[    0.021564] Mountpoint-cache hash table entries: 8192 (order: 4, 65536 bytes)
[    0.025333] Last level iTLB entries: 4KB 64, 2MB 8, 4MB 8
[    0.028001] Last level dTLB entries: 4KB 64, 2MB 0, 4MB 0, 1GB 4
[    0.029137] Spectre V1 : Mitigation: usercopy/swapgs barriers and __user pointer sanitization
[    0.030878] Spectre V2 : Mitigation: Full generic retpoline
[    0.031874] Spectre V2 : Spectre v2 / SpectreRSB mitigation: Filling RSB on context switch
[    0.032001] Speculative Store Bypass: Vulnerable
[    0.032938] SRBDS: Unknown: Dependent on hypervisor status
[    0.034081] MDS: Mitigation: Clear CPU buffers
[    0.036227] Freeing SMP alternatives memory: 36K
[    0.147710] smpboot: CPU0: Intel(R) Core(TM) i7-9750H CPU @ 2.60GHz (family: 0x6, model: 0x9e, stepping: 0xa)
[    0.148000] Performance Events: unsupported p6 CPU model 158 no PMU driver, software events only.
[    0.148000] Hierarchical SRCU implementation.
[    0.148450] NMI watchdog: Perf event create on CPU 0 failed with -2
[    0.149800] NMI watchdog: Perf NMI watchdog permanently disabled
[    0.150856] smp: Bringing up secondary CPUs ...
[    0.154513] x86: Booting SMP configuration:
[    0.155377] .... node  #0, CPUs:      #1
[    0.004000] kvm-clock: cpu 1, msr 1:1ff50041, secondary cpu clock
[    0.159448] smp: Brought up 1 node, 2 CPUs
[    0.160003] smpboot: Max logical packages: 1
[    0.161049] smpboot: Total of 2 processors activated (10367.98 BogoMIPS)
[    0.162740] devtmpfs: initialized
[    0.164049] x86/mm: Memory block size: 128MB
[    0.168295] evm: security.selinux
[    0.168932] evm: security.SMACK64
[    0.169682] evm: security.SMACK64EXEC
[    0.170526] evm: security.SMACK64TRANSMUTE
[    0.172002] evm: security.SMACK64MMAP
[    0.172744] evm: security.apparmor
[    0.173456] evm: security.ima
[    0.174127] evm: security.capability
[    0.175237] clocksource: jiffies: mask: 0xffffffff max_cycles: 0xffffffff, max_idle_ns: 7645041785100000 ns
[    0.176007] futex hash table entries: 512 (order: 3, 32768 bytes)
[    0.177180] pinctrl core: initialized pinctrl subsystem
[    0.180079] RTC time: 16:57:35, date: 09/14/20
[    0.181130] NET: Registered protocol family 16
[    0.182103] audit: initializing netlink subsys (disabled)
[    0.183314] audit: type=2000 audit(1600102660.802:1): state=initialized audit_enabled=0 res=1
[    0.184013] cpuidle: using governor ladder
[    0.184891] cpuidle: using governor menu
[    0.185756] ACPI: bus type PCI registered
[    0.186672] acpiphp: ACPI Hot Plug PCI Controller Driver version: 0.5
[    0.188078] PCI: Using configuration type 1 for base access
[    0.189165] HugeTLB registered 2.00 MiB page size, pre-allocated 0 pages
[    0.192061] ACPI: Added _OSI(Module Device)
[    0.192903] ACPI: Added _OSI(Processor Device)
[    0.193769] ACPI: Added _OSI(3.0 _SCP Extensions)
[    0.194691] ACPI: Added _OSI(Processor Aggregator Device)
[    0.196003] ACPI: Added _OSI(Linux-Dell-Video)
[    0.196971] ACPI: Added _OSI(Linux-Lenovo-NV-HDMI-Audio)
[    0.198014] ACPI: Added _OSI(Linux-HPI-Hybrid-Graphics)
[    0.200265] ACPI: Executed 1 blocks of module-level executable AML code
[    0.205322] ACPI: Interpreter enabled
[    0.206024] ACPI: (supports S0 S5)
[    0.206715] ACPI: Using IOAPIC for interrupt routing
[    0.208238] PCI: Using host bridge windows from ACPI; if necessary, use "pci=nocrs" and report a bug
[    0.210094] ACPI: Enabled 2 GPEs in block 00 to 07
[    0.217393] ACPI: PCI Root Bridge [PCI0] (domain 0000 [bus 00-ff])
[    0.218712] acpi PNP0A03:00: _OSC: OS supports [ASPM ClockPM Segments MSI]
[    0.220487] acpi PNP0A03:00: _OSC: not requesting OS control; OS requires [ExtendedConfig ASPM ClockPM MSI]
[    0.222400] acpi PNP0A03:00: fail to add MMCONFIG information, can't access extended PCI configuration space under this bridge.
[    0.224363] PCI host bridge to bus 0000:00
[    0.225119] pci_bus 0000:00: root bus resource [io  0x0000-0x0cf7 window]
[    0.226347] pci_bus 0000:00: root bus resource [io  0x0d00-0xffff window]
[    0.228002] pci_bus 0000:00: root bus resource [mem 0x000a0000-0x000bffff window]
[    0.229476] pci_bus 0000:00: root bus resource [mem 0xe0000000-0xfdffffff window]
[    0.232002] pci_bus 0000:00: root bus resource [bus 00-ff]
[    0.234729] pci 0000:00:01.1: legacy IDE quirk: reg 0x10: [io  0x01f0-0x01f7]
[    0.236002] pci 0000:00:01.1: legacy IDE quirk: reg 0x14: [io  0x03f6]
[    0.237590] pci 0000:00:01.1: legacy IDE quirk: reg 0x18: [io  0x0170-0x0177]
[    0.239109] pci 0000:00:01.1: legacy IDE quirk: reg 0x1c: [io  0x0376]
[    0.270156] pci 0000:00:07.0: quirk: [io  0x4000-0x403f] claimed by PIIX4 ACPI
[    0.272013] pci 0000:00:07.0: quirk: [io  0x4100-0x410f] claimed by PIIX4 SMB
[    0.282940] ACPI: PCI Interrupt Link [LNKA] (IRQs 5 9 10 *11)
[    0.284309] ACPI: PCI Interrupt Link [LNKB] (IRQs 5 9 *10 11)
[    0.285527] ACPI: PCI Interrupt Link [LNKC] (IRQs 5 *9 10 11)
[    0.288072] ACPI: PCI Interrupt Link [LNKD] (IRQs 5 9 10 *11)
[    0.289415] SCSI subsystem initialized
[    0.290135] pci 0000:00:02.0: vgaarb: setting as boot VGA device
[    0.290135] pci 0000:00:02.0: vgaarb: VGA device added: decodes=io+mem,owns=io+mem,locks=none
[    0.292011] pci 0000:00:02.0: vgaarb: bridge control possible
[    0.293045] vgaarb: loaded
[    0.293601] ACPI: bus type USB registered
[    0.294446] usbcore: registered new interface driver usbfs
[    0.296007] usbcore: registered new interface driver hub
[    0.297095] usbcore: registered new device driver usb
[    0.298162] EDAC MC: Ver: 3.0.0
[    0.300223] PCI: Using ACPI for IRQ routing
[    0.301332] NetLabel: Initializing
[    0.302013] NetLabel:  domain hash size = 128
[    0.302818] NetLabel:  protocols = UNLABELED CIPSOv4 CALIPSO
[    0.304014] NetLabel:  unlabeled traffic allowed by default
[    0.305144] clocksource: Switched to clocksource kvm-clock
[    0.323060] VFS: Disk quotas dquot_6.6.0
[    0.324134] VFS: Dquot-cache hash table entries: 512 (order 0, 4096 bytes)
[    0.325622] AppArmor: AppArmor Filesystem Enabled
[    0.326463] pnp: PnP ACPI init
[    0.328032] pnp: PnP ACPI: found 3 devices
[    0.338254] clocksource: acpi_pm: mask: 0xffffff max_cycles: 0xffffff, max_idle_ns: 2085701024 ns
[    0.340248] NET: Registered protocol family 2
[    0.341261] TCP established hash table entries: 32768 (order: 6, 262144 bytes)
[    0.342708] TCP bind hash table entries: 32768 (order: 7, 524288 bytes)
[    0.343997] TCP: Hash tables configured (established 32768 bind 32768)
[    0.345157] UDP hash table entries: 2048 (order: 4, 65536 bytes)
[    0.346580] UDP-Lite hash table entries: 2048 (order: 4, 65536 bytes)
[    0.347804] NET: Registered protocol family 1
[    0.349037] pci 0000:00:00.0: Limiting direct PCI/PCI transfers
[    0.350437] pci 0000:00:01.0: Activating ISA DMA hang workarounds
[    0.351624] pci 0000:00:02.0: Video device with shadowed ROM at [mem 0x000c0000-0x000dffff]
[    0.355191] Unpacking initramfs...
[    0.617544] Freeing initrd memory: 19760K
[    0.618388] PCI-DMA: Using software bounce buffering for IO (SWIOTLB)
[    0.619738] software IO TLB: mapped [mem 0xdbff0000-0xdfff0000] (64MB)
[    0.620991] clocksource: tsc: mask: 0xffffffffffffffff max_cycles: 0x255cb30caa3, max_idle_ns: 440795217292 ns
[    0.622866] platform rtc_cmos: registered platform RTC device (no PNP device found)
[    0.624278] Scanning for low memory corruption every 60 seconds
[    0.626238] Initialise system trusted keyrings
[    0.627126] Key type blacklist registered
[    0.628112] workingset: timestamp_bits=36 max_order=20 bucket_order=0
[    0.632755] zbud: loaded
[    0.633839] squashfs: version 4.0 (2009/01/31) Phillip Lougher
[    0.635256] fuse init (API version 7.26)
[    0.639763] Key type asymmetric registered
[    0.640567] Asymmetric key parser 'x509' registered
[    0.641386] Block layer SCSI generic (bsg) driver version 0.4 loaded (major 246)
[    0.642698] io scheduler noop registered
[    0.643407] io scheduler deadline registered
[    0.644220] io scheduler cfq registered (default)
[    0.645270] ACPI: AC Adapter [AC] (on-line)
[    0.646171] input: Power Button as /devices/LNXSYSTM:00/LNXPWRBN:00/input/input0
[    0.647496] ACPI: Power Button [PWRF]
[    0.648508] input: Sleep Button as /devices/LNXSYSTM:00/LNXSLPBN:00/input/input1
[    0.650386] ACPI: Sleep Button [SLPF]
[    0.651866] virtio-pci 0000:00:03.0: virtio_pci: leaving for legacy driver
[    0.652796] ACPI: Battery Slot [BAT0] (battery present)
[    0.653948] Serial: 8250/16550 driver, 32 ports, IRQ sharing enabled
[    0.675602] 00:02: ttyS0 at I/O 0x3f8 (irq = 4, base_baud = 115200) is a 16550A
[    0.681045] Linux agpgart interface v0.103
[    0.686249] loop: module loaded
[    0.687507] scsi host0: ata_piix
[    0.688479] scsi host1: ata_piix
[    0.689307] ata1: PATA max UDMA/33 cmd 0x1f0 ctl 0x3f6 bmdma 0xd000 irq 14
[    0.691178] ata2: PATA max UDMA/33 cmd 0x170 ctl 0x376 bmdma 0xd008 irq 15
[    0.693458] libphy: Fixed MDIO Bus: probed
[    0.694359] tun: Universal TUN/TAP device driver, 1.6
[    0.695377] PPP generic driver version 2.4.2
[    0.696562] ehci_hcd: USB 2.0 'Enhanced' Host Controller (EHCI) Driver
[    0.697889] ehci-pci: EHCI PCI platform driver
[    0.698859] ehci-platform: EHCI generic platform driver
[    0.700078] ohci_hcd: USB 1.1 'Open' Host Controller (OHCI) Driver
[    0.701321] ohci-pci: OHCI PCI platform driver
[    0.702800] ohci-pci 0000:00:06.0: OHCI PCI host controller
[    0.703852] ohci-pci 0000:00:06.0: new USB bus registered, assigned bus number 1
[    0.705950] ohci-pci 0000:00:06.0: irq 22, io mem 0xf0404000
[    0.765569] usb usb1: New USB device found, idVendor=1d6b, idProduct=0001
[    0.766817] usb usb1: New USB device strings: Mfr=3, Product=2, SerialNumber=1
[    0.768244] usb usb1: Product: OHCI PCI host controller
[    0.769459] usb usb1: Manufacturer: Linux 4.15.0-117-generic ohci_hcd
[    0.770843] usb usb1: SerialNumber: 0000:00:06.0
[    0.771962] hub 1-0:1.0: USB hub found
[    0.773137] hub 1-0:1.0: 12 ports detected
[    0.774372] ohci-platform: OHCI generic platform driver
[    0.775392] uhci_hcd: USB Universal Host Controller Interface driver
[    0.776811] i8042: PNP: PS/2 Controller [PNP0303:PS2K,PNP0f03:PS2M] at 0x60,0x64 irq 1,12
[    0.779088] serio: i8042 KBD port at 0x60,0x64 irq 1
[    0.780316] serio: i8042 AUX port at 0x60,0x64 irq 12
[    0.781722] mousedev: PS/2 mouse device common for all mice
[    0.783245] input: AT Translated Set 2 keyboard as /devices/platform/i8042/serio0/input/input2
[    0.784420] rtc_cmos rtc_cmos: rtc core: registered rtc_cmos as rtc0
[    0.786796] rtc_cmos rtc_cmos: alarms up to one day, 114 bytes nvram
[    0.788177] i2c /dev entries driver
[    0.789012] device-mapper: uevent: version 1.0.3
[    0.790143] device-mapper: ioctl: 4.37.0-ioctl (2017-09-20) initialised: dm-devel@redhat.com
[    0.791970] ledtrig-cpu: registered to indicate activity on CPUs
[    0.793951] NET: Registered protocol family 10
[    0.798788] Segment Routing with IPv6
[    0.799527] NET: Registered protocol family 17
[    0.800846] Key type dns_resolver registered
[    0.801951] mce: Using 0 MCE banks
[    0.802693] RAS: Correctable Errors collector initialized.
[    0.803780] sched_clock: Marking stable (801901298, 0)->(1855080475, -1053179177)
[    0.805736] registered taskstats version 1
[    0.806970] Loading compiled-in X.509 certificates
[    0.810068] Loaded X.509 cert 'Build time autogenerated kernel key: 993aedfcb7091aab7364eeb95e85a8dab512d887'
[    0.811934] zswap: loaded using pool lzo/zbud
[    0.816927] Key type big_key registered
[    0.817789] Key type trusted registered
[    0.820425] Key type encrypted registered
[    0.821256] AppArmor: AppArmor sha1 policy hashing enabled
[    0.822320] ima: No TPM chip found, activating TPM-bypass! (rc=-19)
[    0.823491] ima: Allocated hash algorithm: sha1
[    0.824488] evm: HMAC attrs: 0x1
[    0.825360]   Magic number: 4:211:995
[    0.826197] rtc_cmos rtc_cmos: setting system clock to 2020-09-14 16:57:35 UTC (1600102655)
[    0.827866] BIOS EDD facility v0.16 2004-Jun-25, 0 devices found
[    0.829127] EDD information not available.
[    0.877768] Freeing unused kernel image memory: 2436K
[    0.892571] Write protecting the kernel read-only data: 20480k
[    0.894260] Freeing unused kernel image memory: 2008K
[    0.895462] Freeing unused kernel image memory: 1872K
[    0.902839] x86/mm: Checked W+X mappings: passed, no W+X pages found.
[    0.903953] x86/mm: Checking user space page tables
[    0.910967] x86/mm: Checked W+X mappings: passed, no W+X pages found.
Loading, please wait...
starting version 237
[    0.983899] Fusion MPT base driver 3.04.20
[    0.985761] Copyright (c) 1999-2008 LSI Corporation
[    0.996222] Fusion MPT SPI Host driver 3.04.20
[    1.007061] AVX2 version of gcm_enc/dec engaged.
[    1.007943] AES CTR mode by8 optimization enabled
[    1.013839] mptbase: ioc0: Initiating bringup
[    1.041497] virtio_net virtio0 enp0s3: renamed from eth0
[    1.108607] ioc0: LSI53C1030 A0: Capabilities={Initiator}
[    1.197519] input: ImExPS/2 Generic Explorer Mouse as /devices/platform/i8042/serio1/input/input4
[    1.352372] scsi host2: ioc0: LSI53C1030 A0, FwRev=00000000h, Ports=1, MaxQ=256, IRQ=20
[    1.520468] scsi 2:0:0:0: Direct-Access     VBOX     HARDDISK         1.0  PQ: 0 ANSI: 5
[    1.552663] scsi target2:0:0: Beginning Domain Validation
[    1.557215] scsi target2:0:0: Domain Validation skipping write tests
[    1.558361] scsi target2:0:0: Ending Domain Validation
[    1.560143] scsi target2:0:0: asynchronous
[    1.561618] scsi 2:0:1:0: Direct-Access     VBOX     HARDDISK         1.0  PQ: 0 ANSI: 5
[    1.592065] scsi target2:0:1: Beginning Domain Validation
[    1.596491] scsi target2:0:1: Domain Validation skipping write tests
[    1.597807] scsi target2:0:1: Ending Domain Validation
[    1.599128] scsi target2:0:1: asynchronous
[    1.601377] random: fast init done
[    1.605874] random: systemd-udevd: uninitialized urandom read (16 bytes read)
[    1.605923] sd 2:0:0:0: Attached scsi generic sg0 type 0
[    1.607503] random: systemd-udevd: uninitialized urandom read (16 bytes read)
[    1.608790] sd 2:0:1:0: Attached scsi generic sg1 type 0
[    1.611091] random: systemd-udevd: uninitialized urandom read (16 bytes read)
[    1.613227] sd 2:0:0:0: [sda] 20971520 512-byte logical blocks: (10.7 GB/10.0 GiB)
[    1.614841] sd 2:0:0:0: [sda] Write Protect is off
[    1.616010] sd 2:0:1:0: [sdb] 20480 512-byte logical blocks: (10.5 MB/10.0 MiB)
[    1.617508] sd 2:0:1:0: [sdb] Write Protect is off
[    1.618405] sd 2:0:0:0: [sda] Incomplete mode parameter data
[    1.619365] sd 2:0:0:0: [sda] Assuming drive cache: write through
[    1.620611] sd 2:0:1:0: [sdb] Incomplete mode parameter data
[    1.621631] sd 2:0:1:0: [sdb] Assuming drive cache: write through
[    1.624841]  sda: sda1
[    1.626272] sd 2:0:0:0: [sda] Attached SCSI disk
[    1.627305] sd 2:0:1:0: [sdb] Attached SCSI disk
Begin: Loading essential drivers ... [    3.180135] raid6: sse2x1   gen() 11444 MB/s
[    3.228121] raid6: sse2x1   xor()  9573 MB/s
[    3.276032] raid6: sse2x2   gen() 14782 MB/s
[    3.324410] raid6: sse2x2   xor() 10622 MB/s
[    3.372076] raid6: sse2x4   gen() 18911 MB/s
[    3.420088] raid6: sse2x4   xor() 12032 MB/s
[    3.468138] raid6: avx2x1   gen() 26000 MB/s
[    3.516203] raid6: avx2x1   xor() 17993 MB/s
[    3.564591] raid6: avx2x2   gen() 33459 MB/s
[    3.612475] raid6: avx2x2   xor() 21353 MB/s
[    3.660294] raid6: avx2x4   gen() 38929 MB/s
[    3.708715] raid6: avx2x4   xor() 24196 MB/s
[    3.709509] raid6: using algorithm avx2x4 gen() 38929 MB/s
[    3.710793] raid6: .... xor() 24196 MB/s, rmw enabled
[    3.711961] raid6: using avx2x2 recovery algorithm
[    3.713978] xor: automatically using best checksumming function   avx       
[    3.716611] async_tx: api initialized (async)
done.
Begin: Running /scripts/init-premount ... done.
Begin: Mounting root file system ... Begin: Running /scripts/local-top ... done.
Begin: Running /scripts/local-premount ... [    3.757609] Btrfs loaded, crc32c=crc32c-intel
Scanning for Btrfs filesystems
done.
Warning: fsck not present, so skipping root file system
[    3.789071] EXT4-fs (sda1): INFO: recovery required on readonly filesystem
[    3.790543] EXT4-fs (sda1): write access will be enabled during recovery
[    3.839218] EXT4-fs (sda1): recovery complete
[    3.840287] EXT4-fs (sda1): mounted filesystem with ordered data mode. Opts: (null)
done.
Begin: Running /scripts/local-bottom ... done.
Begin: Running /scripts/init-bottom ... done.
[    4.034421] ip_tables: (C) 2000-2006 Netfilter Core Team
[    4.045823] systemd[1]: systemd 237 running in system mode. (+PAM +AUDIT +SELINUX +IMA +APPARMOR +SMACK +SYSVINIT +UTMP +LIBCRYPTSETUP +GCRYPT +GNUTLS +ACL +XZ +LZ4 +SECCOMP +BLKID +ELFUTILS +KMOD -IDN2 +IDN -PCRE2 default-hierarchy=hybrid)
[    4.049424] systemd[1]: Detected virtualization oracle.
[    4.050370] systemd[1]: Detected architecture x86-64.

Welcome to [1mUbuntu 18.04.4 LTS[0m!

[    4.126823] systemd[1]: Set hostname to <ubuntu-bionic>.
[    4.446362] systemd[1]: Reached target System Time Synchronized.
[[0;32m  OK  [0m] Reached target System Time Synchronized.
[    4.637045] systemd[1]: Created slice User and Session Slice.
[[0;32m  OK  [0m] Created slice User and Session Slice.
[    4.732213] systemd[1]: Reached target User and Group Name Lookups.
[[0;32m  OK  [0m] Reached target User and Group Name Lookups.
[    5.124638] systemd[1]: Started Forward Password Requests to Wall Directory Watch.
[[0;32m  OK  [0m] Started Forward Password Requests to Wall Directory Watch.
[    5.127241] systemd[1]: Created slice System Slice.
[[0;32m  OK  [0m] Created slice System Slice.
[    5.337663] systemd[1]: Reached target Slices.
[[0;32m  OK  [0m] Reached target Slices.
[[0;32m  OK  [0m] Listening on Journal Socket (/dev/log).
[[0;32m  OK  [0m] Listening on Journal Socket.
         Starting Set the console keyboard layout...
         Mounting Kernel Debug File System...
         Starting Create list of required st…ce nodes for the current kernel...
[[0;32m  OK  [0m] Listening on LVM2 metadata daemon socket.
         Starting Remount Root and Kernel File Systems...
         Starting Uncomplicated firewall...
         Starting Load Kernel Modules...
[[0;32m  OK  [0m] Listening on udev Kernel Socket.
         Mounting Huge Pages File System...
[[0;32m  OK  [0m] Listening on Network Service Netlink Socket.
[[0;32m  OK  [0m] Created slice system-serial\x2dgetty.slice.
[[0;32m  OK  [0m] Listening on Syslog Socket.
[    5.398348] EXT4-fs (sda1): re-mounted. Opts: (null)
         Mounting POSIX Message Queue File System...
[    5.408093] Loading iSCSI transport class v2.0-870.
[    5.414781] iscsi: registered transport (tcp)
[[0;32m  OK  [0m] Listening on /dev/initctl Compatibility Named Pipe.
[[0;32m  OK  [0m] Listening on Device-mapper event daemon FIFOs.
         Starting Monitoring of LVM2 mirrors…ng dmeventd or progress polling...
[    5.445776] iscsi: registered transport (iser)
[[0;32m  OK  [0m] Reached target Swap.
[[0;32m  OK  [0m] Listening on LVM2 poll daemon socket.
[[0;32m  OK  [0m] Listening on Journal Audit Socket.
         Starting Journal Service...
[[0;32m  OK  [0m] Set up automount Arbitrary Executab…rmats File System Automount Point.
[[0;32m  OK  [0m] Listening on udev Control Socket.
         Starting udev Coldplug all Devices...
[[0;32m  OK  [0m] Started Journal Service.
[[0;32m  OK  [0m] Started Set the console keyboard layout.
[[0;32m  OK  [0m] Mounted Kernel Debug File System.
[[0;32m  OK  [0m] Started Create list of required sta…vice nodes for the current kernel.
[[0;32m  OK  [0m] Started Remount Root and Kernel File Systems.
[[0;32m  OK  [0m] Started Uncomplicated firewall.
[[0;32m  OK  [0m] Started Load Kernel Modules.
[[0;32m  OK  [0m] Mounted Huge Pages File System.
[[0;32m  OK  [0m] Mounted POSIX Message Queue File System.
[[0;32m  OK  [0m] Started LVM2 metadata daemon.
         Mounting Kernel Configuration File System...
         Starting Apply Kernel Variables...
         Mounting FUSE Control File System...
         Starting Load/Save Random Seed...
         Starting Create Static Device Nodes in /dev...
         Starting Flush Journal to Persistent Storage...
[[0;32m  OK  [0m] Started Monitoring of LVM2 mirrors,…sing dmeventd or progress polling.
[[0;32m  OK  [0m] Started udev Coldplug all Devices.
[[0;32m  OK  [0m] Mounted Kernel Configuration File System.
[[0;32m  OK  [0m] Mounted FUSE Control File System.
[[0;32m  OK  [0m] Started Load/Save Random Seed.
[[0;32m  OK  [0m] Started Create Static Device Nodes in /dev.
         Starting udev Kernel Device Manager...
[[0;32m  OK  [0m] Reached target Local File Systems (Pre).
[[0;32m  OK  [0m] Reached target Local File Systems.
         Starting Tell Plymouth To Write Out Runtime Data...
         Starting Set console font and keymap...
         Starting AppArmor initialization...
         Starting ebtables ruleset management...
[[0;32m  OK  [0m] Started Apply Kernel Variables.
[[0;32m  OK  [0m] Started udev Kernel Device Manager.
[[0;32m  OK  [0m] Started Dispatch Password Requests to Console Directory Watch.
[[0;32m  OK  [0m] Reached target Local Encrypted Volumes.
[[0;32m  OK  [0m] Started Tell Plymouth To Write Out Runtime Data.
[[0;32m  OK  [0m] Started Set console font and keymap.
[[0;32m  OK  [0m] Started Flush Journal to Persistent Storage.
         Starting Create Volatile Files and Directories...
[[0;32m  OK  [0m] Started ebtables ruleset management.
[[0;32m  OK  [0m] Started Create Volatile Files and Directories.
         Starting Update UTMP about System Boot/Shutdown...
[[0;32m  OK  [0m] Started Update UTMP about System Boot/Shutdown.
[[0;32m  OK  [0m] Started AppArmor initialization.
         Starting Initial cloud-init job (pre-networking)...
         Starting Load AppArmor profiles managed internally by snapd...
[[0;32m  OK  [0m] Started Load AppArmor profiles managed internally by snapd.
[[0;32m  OK  [0m] Found device /dev/ttyS0.
[[0;32m  OK  [0m] Listening on Load/Save RF Kill Switch Status /dev/rfkill Watch.
[    7.432709] cloud-init[549]: Cloud-init v. 20.2-45-g5f7825e2-0ubuntu1~18.04.1 running 'init-local' at Mon, 14 Sep 2020 16:57:41 +0000. Up 7.20 seconds.
[[0;32m  OK  [0m] Started Initial cloud-init job (pre-networking).
[[0;32m  OK  [0m] Reached target Network (Pre).
         Starting Network Service...
[[0;32m  OK  [0m] Started Network Service.
         Starting Wait for Network to be Configured...
         Starting Network Name Resolution...
[[0;32m  OK  [0m] Started Network Name Resolution.
[[0;32m  OK  [0m] Reached target Host and Network Name Lookups.
[[0;32m  OK  [0m] Started Wait for Network to be Configured.
         Starting Initial cloud-init job (metadata service crawler)...
[   10.077798] cloud-init[754]: Cloud-init v. 20.2-45-g5f7825e2-0ubuntu1~18.04.1 running 'init' at Mon, 14 Sep 2020 16:57:44 +0000. Up 9.90 seconds.
[   10.088248] cloud-init[754]: ci-info: ++++++++++++++++++++++++++++++++++++++Net device info++++++++++++++++++++++++++++++++++++++
[   10.100542] cloud-init[754]: ci-info: +--------+------+----------------------------+---------------+--------+-------------------+
[   10.112297] cloud-init[754]: ci-info: | Device |  Up  |          Address           |      Mask     | Scope  |     Hw-Address    |
[   10.113567] cloud-init[754]: ci-info: +--------+------+----------------------------+---------------+--------+-------------------+
[   10.114736] cloud-init[754]: ci-info: | enp0s3 | True |         10.0.2.15          | 255.255.255.0 | global | 02:fc:38:2c:42:7e |
[   10.124230] cloud-init[754]: ci-info: | enp0s3 | True | fe80::fc:38ff:fe2c:427e/64 |       .       |  link  | 02:fc:38:2c:42:7e |
[   10.136464] cloud-init[754]: ci-info: |   lo   | True |         127.0.0.1          |   255.0.0.0   |  host  |         .         |
[   10.137220] cloud-init[754]: ci-info: |   lo   | True |          ::1/128           |       .       |  host  |         .         |
[   10.138481] cloud-init[754]: ci-info: +--------+------+----------------------------+---------------+--------+-------------------+
[   10.148160] cloud-init[754]: ci-info: ++++++++++++++++++++++++++++Route IPv4 info+++++++++++++++++++++++++++++
[   10.160761] cloud-init[754]: ci-info: +-------+-------------+----------+-----------------+-----------+-------+
[   10.161733] cloud-init[754]: ci-info: | Route | Destination | Gateway  |     Genmask     | Interface | Flags |
[   10.162608] cloud-init[754]: ci-info: +-------+-------------+----------+-----------------+-----------+-------+
[   10.163585] cloud-init[754]: ci-info: |   0   |   0.0.0.0   | 10.0.2.2 |     0.0.0.0     |   enp0s3  |   UG  |
[   10.164998] cloud-init[754]: ci-info: |   1   |   10.0.2.0  | 0.0.0.0  |  255.255.255.0  |   enp0s3  |   U   |
[   10.176337] cloud-init[754]: ci-info: |   2   |   10.0.2.2  | 0.0.0.0  | 255.255.255.255 |   enp0s3  |   UH  |
[   10.177168] cloud-init[754]: ci-info: +-------+-------------+----------+-----------------+-----------+-------+
[   10.188607] cloud-init[754]: ci-info: +++++++++++++++++++Route IPv6 info+++++++++++++++++++
[   10.200307] cloud-init[754]: ci-info: +-------+-------------+---------+-----------+-------+
[   10.200960] cloud-init[754]: ci-info: | Route | Destination | Gateway | Interface | Flags |
[   10.201813] cloud-init[754]: ci-info: +-------+-------------+---------+-----------+-------+
[   10.202311] cloud-init[754]: ci-info: |   1   |  fe80::/64  |    ::   |   enp0s3  |   U   |
[   10.203293] cloud-init[754]: ci-info: |   3   |    local    |    ::   |   enp0s3  |   U   |
[   10.216582] cloud-init[754]: ci-info: |   4   |   ff00::/8  |    ::   |   enp0s3  |   U   |
[   10.228215] cloud-init[754]: ci-info: +-------+-------------+---------+-----------+-------+
[[0;32m  OK  [0m] Started Initial cloud-init job (metadata service crawler).
[[0;32m  OK  [0m] Reached target Cloud-config availability.
[[0;32m  OK  [0m] Reached target System Initialization.
[[0;32m  OK  [0m] Listening on Avahi mDNS/DNS-SD Stack Activation Socket.
         Starting Socket activation for snappy daemon.
         Starting LXD - unix socket.
[[0;32m  OK  [0m] Listening on Open-iSCSI iscsid Socket.
[[0;32m  OK  [0m] Started Daily apt download activities.
[[0;32m  OK  [0m] Listening on UUID daemon activation socket.
[[0;32m  OK  [0m] Listening on ACPID Listen Socket.
[[0;32m  OK  [0m] Started Daily Cleanup of Temporary Directories.
[[0;32m  OK  [0m] Started Daily apt upgrade and clean activities.
[[0;32m  OK  [0m] Started Message of the Day.
[[0;32m  OK  [0m] Started ACPI Events Check.
[[0;32m  OK  [0m] Reached target Paths.
[[0;32m  OK  [0m] Started Discard unused blocks once a week.
[[0;32m  OK  [0m] Reached target Timers.
[[0;32m  OK  [0m] Listening on D-Bus System Message Bus Socket.
[[0;32m  OK  [0m] Listening on Socket activation for snappy daemon.
[[0;32m  OK  [0m] Listening on LXD - unix socket.
[[0;32m  OK  [0m] Reached target Sockets.
[[0;32m  OK  [0m] Reached target Basic System.
         Starting Accounts Service...
         Starting Login Service...
[[0;32m  OK  [0m] Started D-Bus System Message Bus.
         Starting vboxadd.service...
         Starting LSB: Record successful boot for GRUB...
[[0;32m  OK  [0m] Started irqbalance daemon.
[[0;32m  OK  [0m] Started Regular background program processing daemon.
         Starting Modem Manager...
[[0;32m  OK  [0m] Started Deferred execution scheduler.
         Starting Dispatcher daemon for systemd-networkd...
         Starting Avahi mDNS/DNS-SD Stack...
         Starting LXD - container startup/shutdown...
         Starting WPA supplicant...
[[0;32m  OK  [0m] Started FUSE filesystem for LXC.
         Starting System Logging Service...
         Starting Discard unused blocks...
         Starting Snap Daemon...
[[0;32m  OK  [0m] Started System Logging Service.
[[0;32m  OK  [0m] Started Discard unused blocks.
[[0;32m  OK  [0m] Started Login Service.
[[0;32m  OK  [0m] Started Avahi mDNS/DNS-SD Stack.
[[0;32m  OK  [0m] Started WPA supplicant.
[[0;32m  OK  [0m] Reached target Network.
[[0;32m  OK  [0m] Reached target Network is Online.
         Starting Message of the Day...
         Starting OpenBSD Secure Shell server...
[[0;32m  OK  [0m] Reached target Remote File Systems (Pre).
[[0;32m  OK  [0m] Reached target Remote File Systems.
         Starting LSB: automatic crash report generation...
         Starting Permit User Sessions...
         Starting Availability of block devices...
[[0;32m  OK  [0m] Started Unattended Upgrades Shutdown.
         Starting Authorization Manager...
[[0;32m  OK  [0m] Started Dispatcher daemon for systemd-networkd.
[[0;32m  OK  [0m] Started LSB: Record successful boot for GRUB.
[[0;32m  OK  [0m] Started LXD - container startup/shutdown.
[[0;32m  OK  [0m] Started Permit User Sessions.
[[0;32m  OK  [0m] Started Availability of block devices.
         Starting Terminate Plymouth Boot Screen...
         Starting Hold until boot process finishes up...
[[0;32m  OK  [0m] Started Terminate Plymouth Boot Screen.
[[0;32m  OK  [0m] Started Hold until boot process finishes up.
         Starting Set console scheme...
[[0;32m  OK  [0m] Started Serial Getty on ttyS0.
[[0;32m  OK  [0m] Started Set console scheme.
[[0;32m  OK  [0m] Created slice system-getty.slice.
[[0;32m  OK  [0m] Started Getty on tty1.
[[0;32m  OK  [0m] Reached target Login Prompts.
[[0;32m  OK  [0m] Started Authorization Manager.
[[0;32m  OK  [0m] Started Accounts Service.
[[0;32m  OK  [0m] Started OpenBSD Secure Shell server.
[[0;32m  OK  [0m] Started LSB: automatic crash report generation.
[[0;32m  OK  [0m] Started Modem Manager.
[[0;32m  OK  [0m] Created slice User Slice of vagrant.
[[0;32m  OK  [0m] Started Snap Daemon.
         Starting Wait until snapd is fully seeded...
         Starting User Manager for UID 1000...
[[0;32m  OK  [0m] Started Session 1 of user vagrant.
[[0;32m  OK  [0m] Started Wait until snapd is fully seeded.
         Starting Apply the settings specified in cloud-config...
[[0;32m  OK  [0m] Started User Manager for UID 1000.
[   12.672147] cloud-init[1238]: Cloud-init v. 20.2-45-g5f7825e2-0ubuntu1~18.04.1 running 'modules:config' at Mon, 14 Sep 2020 16:57:47 +0000. Up 12.51 seconds.
[[0;32m  OK  [0m] Started Apply the settings specified in cloud-config.
[[0;32m  OK  [0m] Started vboxadd.service.
         Starting vboxadd-service.service...
[[0;32m  OK  [0m] Started vboxadd-service.service.
[[0;32m  OK  [0m] Reached target Multi-User System.
         Starting Execute cloud user/final scripts...
[[0;32m  OK  [0m] Reached target Graphical Interface.
         Starting Update UTMP about System Runlevel Changes...
[[0;32m  OK  [0m] Started Update UTMP about System Runlevel Changes.
[   13.557084] cloud-init[1412]: Cloud-init v. 20.2-45-g5f7825e2-0ubuntu1~18.04.1 running 'modules:final' at Mon, 14 Sep 2020 16:57:48 +0000. Up 13.35 seconds.
[   13.568619] cloud-init[1412]: Cloud-init v. 20.2-45-g5f7825e2-0ubuntu1~18.04.1 finished at Mon, 14 Sep 2020 16:57:48 +0000. Datasource DataSourceNoCloud [seed=/dev/sdb][dsmode=net].  Up 13.54 seconds
[[0;32m  OK  [0m] Started Execute cloud user/final scripts.
[[0;32m  OK  [0m] Reached target Cloud-init target.
         Starting Daily apt download activities...

Ubuntu 18.04.4 LTS ubuntu-bionic ttyS0

ubuntu-bionic login: 